========== RUN 1: marinas in texas ==========
2026-06-29 17:32:32,165 [INFO] Initializing CSV archive: scavenger_leads_cache.csv
2026-06-29 17:32:32,165 [INFO] Loaded 0 previously-analyzed leads from cache.
2026-06-29 17:32:32,165 [INFO] Deconstructing intent for query: 'marinas in texas'
2026-06-29 17:32:34,052 [INFO] Intent blueprint: {"geo_location": "Texas, USA", "broad_industry": "marina", "search_query": "marinas in Texas", "result_limit": 20, "search_type": "general", "target_domain": "", "intent": "find", "exclude_keywords": [], "include_keywords": [], "reasoning": "User requests marinas in Texas with no additional constraints, so the plan is to search broadly and return results without filtering."}
2026-06-29 17:32:34,053 [INFO] General search — resuming from Serper page 1.
2026-06-29 17:32:34,055 [INFO] Discovery query: 'marinas in Texas' | pages 1+ | target 20 new | 0 known excluded
/Users/amh/Desktop/ai-bdm-/phase1_pipeline.py:252: DeprecationWarning: The 'registered_domain' property is deprecated and will be removed in the next major version. Use 'top_domain_under_public_suffix' instead, which has the same behavior but a more accurate name.
  return ext.registered_domain.lower() or ext.domain.lower()
2026-06-29 17:32:37,440 [INFO] Discovery: 20 sites (20 direct, 0 harvested) | pages 1-3
2026-06-29 17:32:37,441 [INFO] Scraping 20 new candidate(s).
2026-06-29 17:32:38,147 [WARNING] Tier-1 blocked (status=200, waf=True): https://www.kemahmarina.com/
2026-06-29 17:32:38,147 [INFO] Tier-2 Scrape.do escalation: https://www.kemahmarina.com/
2026-06-29 17:32:38,319 [WARNING] Tier-1 blocked (status=200, waf=True): https://texasgulfmarina.com/
2026-06-29 17:32:38,319 [INFO] Tier-2 Scrape.do escalation: https://texasgulfmarina.com/
2026-06-29 17:32:38,565 [WARNING] Tier-1 blocked (status=200, waf=True): https://seabrookmarina.com/
2026-06-29 17:32:38,565 [INFO] Tier-2 Scrape.do escalation: https://seabrookmarina.com/
2026-06-29 17:32:39,170 [ERROR] Tier-2 Scrape.do failed (status=401): https://seabrookmarina.com/
2026-06-29 17:32:39,170 [WARNING] No content resolved for https://seabrookmarina.com/
2026-06-29 17:32:39,263 [INFO] Tier-2 success: https://www.kemahmarina.com/
2026-06-29 17:32:39,284 [INFO] Tier-2 success: https://texasgulfmarina.com/
2026-06-29 17:32:39,500 [WARNING] Tier-1 blocked (status=200, waf=True): https://canyonlakemarinastx.com/
2026-06-29 17:32:39,500 [INFO] Tier-2 Scrape.do escalation: https://canyonlakemarinastx.com/
2026-06-29 17:32:39,715 [ERROR] Tier-2 Scrape.do failed (status=401): https://canyonlakemarinastx.com/
2026-06-29 17:32:39,715 [WARNING] No content resolved for https://canyonlakemarinastx.com/
2026-06-29 17:32:40,124 [WARNING] Tier-1 blocked (status=200, waf=True): https://www.topsidemarinas.com/
2026-06-29 17:32:40,124 [INFO] Tier-2 Scrape.do escalation: https://www.topsidemarinas.com/
2026-06-29 17:32:40,237 [INFO] Saved 5 page(s) for Texas Gulf Marina
2026-06-29 17:32:40,241 [WARNING] Tier-1 blocked (status=200, waf=True): https://suntex.com/
2026-06-29 17:32:40,241 [INFO] Tier-2 Scrape.do escalation: https://suntex.com/
2026-06-29 17:32:40,561 [INFO] Saved 8 page(s) for Kemah Boardwalk Marina | Marina in Kemah, TX
2026-06-29 17:32:40,566 [WARNING] Tier-1 blocked (status=200, waf=True): https://www.marinaassociationoftexas.com/certified-marinas/
2026-06-29 17:32:40,566 [INFO] Tier-2 Scrape.do escalation: https://www.marinaassociationoftexas.com/certified-marinas/
2026-06-29 17:32:40,567 [ERROR] Tier-2 Scrape.do failed (status=401): https://www.topsidemarinas.com/
2026-06-29 17:32:40,567 [WARNING] No content resolved for https://www.topsidemarinas.com/
2026-06-29 17:32:40,567 [ERROR] Tier-2 Scrape.do failed (status=401): https://suntex.com/
2026-06-29 17:32:40,567 [WARNING] No content resolved for https://suntex.com/
2026-06-29 17:32:40,789 [ERROR] Tier-2 Scrape.do failed (status=401): https://www.marinaassociationoftexas.com/certified-marinas/
2026-06-29 17:32:40,789 [WARNING] No content resolved for https://www.marinaassociationoftexas.com/certified-marinas/
2026-06-29 17:32:41,147 [WARNING] Tier-1 blocked (status=403, waf=True): https://www.snagaslip.com/gulf-coast-marinas/texas
2026-06-29 17:32:41,147 [INFO] Tier-2 Scrape.do escalation: https://www.snagaslip.com/gulf-coast-marinas/texas
2026-06-29 17:32:41,377 [ERROR] Tier-2 Scrape.do failed (status=401): https://www.snagaslip.com/gulf-coast-marinas/texas
2026-06-29 17:32:41,377 [WARNING] No content resolved for https://www.snagaslip.com/gulf-coast-marinas/texas
2026-06-29 17:32:41,378 [INFO] Processed 8/20 candidates (2 qualified so far).
2026-06-29 17:32:42,226 [INFO] Tier-1 success: https://safeharbor.com/texas/
2026-06-29 17:32:42,615 [WARNING] Tier-1 blocked (status=200, waf=True): https://eaglemountainlakemarinas.com/
2026-06-29 17:32:42,615 [INFO] Tier-2 Scrape.do escalation: https://eaglemountainlakemarinas.com/
2026-06-29 17:32:42,700 [WARNING] Tier-1 blocked (status=202, waf=True): https://watergatemarina.com/
2026-06-29 17:32:42,701 [INFO] Tier-2 Scrape.do escalation: https://watergatemarina.com/
2026-06-29 17:32:42,925 [ERROR] Tier-2 Scrape.do failed (status=401): https://eaglemountainlakemarinas.com/
2026-06-29 17:32:42,925 [WARNING] No content resolved for https://eaglemountainlakemarinas.com/
2026-06-29 17:32:43,034 [ERROR] Tier-2 Scrape.do failed (status=401): https://watergatemarina.com/
2026-06-29 17:32:43,034 [WARNING] No content resolved for https://watergatemarina.com/
2026-06-29 17:32:43,345 [INFO] Tier-1 success: https://www.expertgps.com/data/tx/marinas.asp
2026-06-29 17:32:43,651 [WARNING] Tier-1 blocked (status=200, waf=True): https://northshoremarinahollows.com/
2026-06-29 17:32:43,651 [INFO] Tier-2 Scrape.do escalation: https://northshoremarinahollows.com/
2026-06-29 17:32:43,833 [WARNING] Tier-1 blocked (status=200, waf=True): https://www.rockportfulton.com/rockport-harbor-marina
2026-06-29 17:32:43,833 [INFO] Tier-2 Scrape.do escalation: https://www.rockportfulton.com/rockport-harbor-marina
2026-06-29 17:32:43,897 [ERROR] Tier-2 Scrape.do failed (status=401): https://northshoremarinahollows.com/
2026-06-29 17:32:43,897 [WARNING] No content resolved for https://northshoremarinahollows.com/
2026-06-29 17:32:44,071 [ERROR] Tier-2 Scrape.do failed (status=401): https://www.rockportfulton.com/rockport-harbor-marina
2026-06-29 17:32:44,071 [WARNING] No content resolved for https://www.rockportfulton.com/rockport-harbor-marina
2026-06-29 17:32:45,231 [INFO] Saved 8 page(s) for Map and Download 88 Marinas in Texas to your GPS - ExpertGPS
2026-06-29 17:32:45,857 [INFO] Saved 8 page(s) for Texas Marina Locations - Safe Harbor
2026-06-29 17:32:45,860 [WARNING] Tier-1 blocked (status=200, waf=True): https://surfside-marina.com/
2026-06-29 17:32:45,860 [INFO] Tier-2 Scrape.do escalation: https://surfside-marina.com/
2026-06-29 17:32:46,087 [ERROR] Tier-2 Scrape.do failed (status=401): https://surfside-marina.com/
2026-06-29 17:32:46,087 [WARNING] No content resolved for https://surfside-marina.com/
2026-06-29 17:32:53,387 [WARNING] Tier-1 blocked (status=200, waf=True): http://southshoreharbourmarina.com/
2026-06-29 17:32:53,387 [INFO] Tier-2 Scrape.do escalation: http://southshoreharbourmarina.com/
2026-06-29 17:32:53,640 [ERROR] Tier-2 Scrape.do failed (status=401): http://southshoreharbourmarina.com/
2026-06-29 17:32:53,641 [WARNING] No content resolved for http://southshoreharbourmarina.com/
2026-06-29 17:32:53,642 [INFO] Processed 16/20 candidates (4 qualified so far).
2026-06-29 17:32:55,266 [WARNING] Tier-1 blocked (status=403, waf=False): https://www.lonestarmarina.com/
2026-06-29 17:32:55,266 [INFO] Tier-2 Scrape.do escalation: https://www.lonestarmarina.com/
2026-06-29 17:32:55,484 [ERROR] Tier-2 Scrape.do failed (status=401): https://www.lonestarmarina.com/
2026-06-29 17:32:55,485 [WARNING] No content resolved for https://www.lonestarmarina.com/
2026-06-29 17:32:55,976 [WARNING] Tier-1 blocked (status=200, waf=True): https://galvestonyachtbasin.com/
2026-06-29 17:32:55,976 [INFO] Tier-2 Scrape.do escalation: https://galvestonyachtbasin.com/
2026-06-29 17:32:55,980 [WARNING] Tier-1 blocked (status=200, waf=True): https://northpointmarinatx.com/
2026-06-29 17:32:55,981 [INFO] Tier-2 Scrape.do escalation: https://northpointmarinatx.com/
2026-06-29 17:32:56,223 [ERROR] Tier-2 Scrape.do failed (status=401): https://galvestonyachtbasin.com/
2026-06-29 17:32:56,224 [WARNING] No content resolved for https://galvestonyachtbasin.com/
2026-06-29 17:32:56,320 [ERROR] Tier-2 Scrape.do failed (status=401): https://northpointmarinatx.com/
2026-06-29 17:32:56,320 [WARNING] No content resolved for https://northpointmarinatx.com/
2026-06-29 17:32:57,297 [INFO] Tier-1 success: https://www.morganspointresorttx.com/860/Marina
2026-06-29 17:33:08,126 [INFO] Saved 8 page(s) for Marina | Morgan's Point Resort - Official Website
2026-06-29 17:33:08,126 [INFO] Processed 20/20 candidates (5 qualified so far).
2026-06-29 17:33:08,127 [INFO] Phase 1 complete. 5 qualified leads (of 20 processed). Store: scavenger_leads_cache.csv

================================================================
PHASE 1 OUTPUT RETURN
================================================================
Query      : marinas in texas
Search type: general
Serper pages used : 1-3  | Next run starts at page 4
Plan       : {"geo_location": "Texas, USA", "broad_industry": "marina", "search_query": "marinas in Texas", "result_limit": 20, "search_type": "general", "target_domain": "", "intent": "find", "exclude_keywords": [], "include_keywords": [], "reasoning": "User requests marinas in Texas with no additional constraints, so the plan is to search broadly and return results without filtering."}
Target leads: 20  |  Discovered : 20  |  Processed : 20
Counts     : {'scraped': 5, 'failed': 15}
----------------------------------------------------------------
  [scraped   ] SCRAPEDO 8p   Kemah Boardwalk Marina | Marina in Kemah, TX  [QUALIFIED]
  [failed    ] FAILED       Certified Marinas - Marina Association Of Texas
  [failed    ] FAILED       Suntex Marinas: Home
  [failed    ] FAILED       Seabrook Marina largest marina on the Gulf Coast in Texas
  [failed    ] FAILED       Marinas in Texas with Boat Slips for Rent on Snag-A-Slip
  [failed    ] FAILED       Topside Marinas in Texas | Marina Acquisitions and Operation
  [scraped   ] SCRAPEDO 5p   Texas Gulf Marina  [QUALIFIED]
  [failed    ] FAILED       Canyon Lake Marinas: Canyon Lake Marina & Cranes Mill Marina, TX
  [failed    ] FAILED       Northshore Marina at The Hollows - VIP Marina, Lake Travis
  [failed    ] FAILED       Welcome to Watergate Marina Marina!
  [failed    ] FAILED       South Shore Harbour Marina
  [failed    ] FAILED       Rockport Harbor Marina
  [scraped   ] NATIVE  8p   Texas Marina Locations - Safe Harbor  [QUALIFIED]
  [scraped   ] NATIVE  8p   Map and Download 88 Marinas in Texas to your GPS - ExpertGPS  [QUALIFIED]
  [failed    ] FAILED       Surfside Marina & Service Center – Surfside Beach, TX
  [failed    ] FAILED       Eagle Mountain Lake Marinas
  [scraped   ] NATIVE  8p   Marina | Morgan's Point Resort - Official Website  [QUALIFIED]
  [failed    ] FAILED       Galveston Yacht Marina: Premier Marina in Galveston Texas
  [failed    ] FAILED       North Point Marina on Lake Belton | Family-Friendly Marina
  [failed    ] FAILED       Lone Star Marina | The exclusive marina located on Cedar Creek ...
----------------------------------------------------------------
QUALIFIED LEADS (5):
  • Kemah Boardwalk Marina | Marina in Kemah, TX
      site : https://www.kemahmarina.com/
      email: triumphsailing@gmail.com  |  phone: +12813342284
  • Texas Gulf Marina
      site : https://texasgulfmarina.com/
      email: N/A  |  phone: +19792391081
  • Texas Marina Locations - Safe Harbor
      site : https://safeharbor.com/texas/
      email: superyachtfuel@shmarinas.com  |  phone: N/A
  • Map and Download 88 Marinas in Texas to your GPS - ExpertGPS
      site : https://www.expertgps.com/data/tx/marinas.asp
      email: support@expertgps.com  |  phone: 1998-2026
  • Marina | Morgan's Point Resort - Official Website
      site : https://www.morganspointresorttx.com/860/Marina
      email: N/A  |  phone: +12547423296
================================================================
Raw store  : scavenger_leads_cache.csv


[clean] Running data-quality pipeline...
[load] 37 rows from scavenger_leads_cache.csv
[profile] 37 rows | 5 businesses | 0 dup pages
[clean]   kept 37 pages | quarantined 0 noisy rows
[rollup]  5 businesses | email 60.0% phone 80.0%
[govern]  5 valid | 0 invalid
[write]   clean export -> leads_clean.csv  (5 businesses)
[write]   quarantine   -> leads_quarantine.csv  (0 rows)
[write]   report       -> data_quality_report.txt
